<?xml version="1.0" encoding="UTF-8"?>
<!-- Generated by org.testng.reporters.JUnitXMLReporter -->
<testsuite ignored="3" hostname="DESKTOP-B1CUU75" failures="0" tests="6" name="Default test" time="28.128" errors="0" timestamp="2025-01-27T13:28:31 GMT+03:00">
  <testcase classname="Amosafer" name="checkLanEnIsCorrect" time="0.053"/>
  <testcase classname="Amosafer" name="CheckNumIsareCorrect" time="0.053"/>
  <testcase classname="Amosafer" name="verifyGitafLogoIsDisplayed" time="0.048"/>
  <testcase classname="Amosafer" name="CheckDepatureDate" time="0.073"/>
  <testcase classname="Amosafer" name="RandomlyChangeTheLanguage" time="10.405"/>
  <testcase classname="Amosafer" name="CheckTheSortOption" time="13.352"/>
  <testcase classname="Amosafer" name="CheckReturnDat" time="0.0">
    <ignored/>
  </testcase> <!-- CheckReturnDat -->
  <testcase classname="Amosafer" name="CheckSarIsDefualt" time="0.0">
    <ignored/>
  </testcase> <!-- CheckSarIsDefualt -->
  <testcase classname="Amosafer" name="hotelsTabIsNotByDefualt" time="0.0">
    <ignored/>
  </testcase> <!-- hotelsTabIsNotByDefualt -->
</testsuite> <!-- Default test -->
