<?xml version="1.0" encoding="UTF-8"?>
<testng-results ignored="3" total="9" passed="6" failed="0" skipped="0">
  <reporter-output>
  </reporter-output>
  <suite started-at="2025-01-27T13:28:02 GMT+03:00" name="Default suite" finished-at="2025-01-27T13:28:31 GMT+03:00" duration-ms="28128">
    <groups>
    </groups>
    <test started-at="2025-01-27T13:28:02 GMT+03:00" name="Default test" finished-at="2025-01-27T13:28:31 GMT+03:00" duration-ms="28128">
      <class name="Amosafer">
        <test-method is-config="true" signature="mysetup()[pri:0, instance:Amosafer@47f4e407]" started-at="2025-01-27T13:28:02 GMT+03:00" name="mysetup" finished-at="2025-01-27T13:28:07 GMT+03:00" duration-ms="4069" status="PASS">
          <reporter-output>
          </reporter-output>
        </test-method> <!-- mysetup -->
        <test-method signature="checkLanEnIsCorrect()[pri:1, instance:Amosafer@47f4e407]" started-at="2025-01-27T13:28:07 GMT+03:00" name="checkLanEnIsCorrect" finished-at="2025-01-27T13:28:07 GMT+03:00" duration-ms="53" status="PASS">
          <reporter-output>
          </reporter-output>
        </test-method> <!-- checkLanEnIsCorrect -->
        <test-method signature="CheckNumIsareCorrect()[pri:3, instance:Amosafer@47f4e407]" started-at="2025-01-27T13:28:07 GMT+03:00" name="CheckNumIsareCorrect" finished-at="2025-01-27T13:28:07 GMT+03:00" duration-ms="53" status="PASS">
          <reporter-output>
          </reporter-output>
        </test-method> <!-- CheckNumIsareCorrect -->
        <test-method signature="verifyGitafLogoIsDisplayed()[pri:4, instance:Amosafer@47f4e407]" started-at="2025-01-27T13:28:07 GMT+03:00" name="verifyGitafLogoIsDisplayed" finished-at="2025-01-27T13:28:07 GMT+03:00" duration-ms="48" status="PASS">
          <reporter-output>
          </reporter-output>
        </test-method> <!-- verifyGitafLogoIsDisplayed -->
        <test-method signature="CheckDepatureDate()[pri:6, instance:Amosafer@47f4e407]" started-at="2025-01-27T13:28:07 GMT+03:00" name="CheckDepatureDate" finished-at="2025-01-27T13:28:07 GMT+03:00" duration-ms="73" status="PASS">
          <reporter-output>
          </reporter-output>
        </test-method> <!-- CheckDepatureDate -->
        <test-method signature="RandomlyChangeTheLanguage()[pri:8, instance:Amosafer@47f4e407]" started-at="2025-01-27T13:28:07 GMT+03:00" name="RandomlyChangeTheLanguage" finished-at="2025-01-27T13:28:17 GMT+03:00" duration-ms="10405" status="PASS">
          <reporter-output>
          </reporter-output>
        </test-method> <!-- RandomlyChangeTheLanguage -->
        <test-method signature="CheckTheSortOption()[pri:10, instance:Amosafer@47f4e407]" started-at="2025-01-27T13:28:17 GMT+03:00" name="CheckTheSortOption" finished-at="2025-01-27T13:28:31 GMT+03:00" duration-ms="13352" status="PASS">
          <reporter-output>
          </reporter-output>
        </test-method> <!-- CheckTheSortOption -->
      </class> <!-- Amosafer -->
    </test> <!-- Default test -->
  </suite> <!-- Default suite -->
</testng-results>
